WARNING:py.warnings:C:\Users\Marta\anaconda3\lib\site-packages\dask\dataframe\utils.py:367: FutureWarning: pandas.Int64Index is deprecated and will be removed from pandas in a future version. Use pandas.Index with the appropriate dtype instead.
  _numeric_index_types = (pd.Int64Index, pd.Float64Index, pd.UInt64Index)

WARNING:py.warnings:C:\Users\Marta\anaconda3\lib\site-packages\dask\dataframe\utils.py:367: FutureWarning: pandas.Float64Index is deprecated and will be removed from pandas in a future version. Use pandas.Index with the appropriate dtype instead.
  _numeric_index_types = (pd.Int64Index, pd.Float64Index, pd.UInt64Index)

WARNING:py.warnings:C:\Users\Marta\anaconda3\lib\site-packages\dask\dataframe\utils.py:367: FutureWarning: pandas.UInt64Index is deprecated and will be removed from pandas in a future version. Use pandas.Index with the appropriate dtype instead.
  _numeric_index_types = (pd.Int64Index, pd.Float64Index, pd.UInt64Index)

WARNING:py.warnings:C:\Users\Marta\anaconda3\lib\site-packages\dask\dataframe\utils.py:367: FutureWarning: pandas.Int64Index is deprecated and will be removed from pandas in a future version. Use pandas.Index with the appropriate dtype instead.
  _numeric_index_types = (pd.Int64Index, pd.Float64Index, pd.UInt64Index)

WARNING:py.warnings:C:\Users\Marta\anaconda3\lib\site-packages\dask\dataframe\utils.py:367: FutureWarning: pandas.Float64Index is deprecated and will be removed from pandas in a future version. Use pandas.Index with the appropriate dtype instead.
  _numeric_index_types = (pd.Int64Index, pd.Float64Index, pd.UInt64Index)

WARNING:py.warnings:C:\Users\Marta\anaconda3\lib\site-packages\dask\dataframe\utils.py:367: FutureWarning: pandas.UInt64Index is deprecated and will be removed from pandas in a future version. Use pandas.Index with the appropriate dtype instead.
  _numeric_index_types = (pd.Int64Index, pd.Float64Index, pd.UInt64Index)

WARNING:py.warnings:C:\Users\Marta\anaconda3\lib\site-packages\dask\dataframe\utils.py:367: FutureWarning:

pandas.Int64Index is deprecated and will be removed from pandas in a future version. Use pandas.Index with the appropriate dtype instead.


WARNING:py.warnings:C:\Users\Marta\anaconda3\lib\site-packages\dask\dataframe\utils.py:367: FutureWarning:

pandas.Float64Index is deprecated and will be removed from pandas in a future version. Use pandas.Index with the appropriate dtype instead.


WARNING:py.warnings:C:\Users\Marta\anaconda3\lib\site-packages\dask\dataframe\utils.py:367: FutureWarning:

pandas.UInt64Index is deprecated and will be removed from pandas in a future version. Use pandas.Index with the appropriate dtype instead.


WARNING:py.warnings:<ipython-input-65-be891678a574>:1: FutureWarning:

In a future version of pandas all arguments of DataFrame.dropna will be keyword-only.


